C:\USERS\SHEPHARD\PROGRAMMING\BREAKNECK\BREAKNECK\RELEASE\ACTOR.OBJ
C:\USERS\SHEPHARD\PROGRAMMING\BREAKNECK\BREAKNECK\RELEASE\ADVANCING_FRONT.OBJ
C:\USERS\SHEPHARD\PROGRAMMING\BREAKNECK\BREAKNECK\RELEASE\BREAKNECK.EXE.INTERMEDIATE.MANIFEST
C:\Users\Shephard\Programming\Breakneck\Breakneck\Release\Breakneck.vcxprojResolveAssemblyReference.cache
C:\Users\Shephard\Programming\Breakneck\Breakneck\Release\Breakneck.write.1.tlog
C:\USERS\SHEPHARD\PROGRAMMING\BREAKNECK\BREAKNECK\RELEASE\CAMERA.OBJ
C:\USERS\SHEPHARD\PROGRAMMING\BREAKNECK\BREAKNECK\RELEASE\CDT.OBJ
C:\Users\Shephard\Programming\Breakneck\Breakneck\Release\cl.command.1.tlog
C:\Users\Shephard\Programming\Breakneck\Breakneck\Release\CL.read.1.tlog
C:\Users\Shephard\Programming\Breakneck\Breakneck\Release\CL.write.1.tlog
C:\USERS\SHEPHARD\PROGRAMMING\BREAKNECK\BREAKNECK\RELEASE\EDITSESSION.OBJ
C:\USERS\SHEPHARD\PROGRAMMING\BREAKNECK\BREAKNECK\RELEASE\ENEMY.OBJ
C:\USERS\SHEPHARD\PROGRAMMING\BREAKNECK\BREAKNECK\RELEASE\ENEMY_BASICEFFECT.OBJ
C:\USERS\SHEPHARD\PROGRAMMING\BREAKNECK\BREAKNECK\RELEASE\ENEMY_BASICTURRET.OBJ
C:\USERS\SHEPHARD\PROGRAMMING\BREAKNECK\BREAKNECK\RELEASE\ENEMY_CRAWLER.OBJ
C:\USERS\SHEPHARD\PROGRAMMING\BREAKNECK\BREAKNECK\RELEASE\ENEMY_FOOTTRAP.OBJ
C:\USERS\SHEPHARD\PROGRAMMING\BREAKNECK\BREAKNECK\RELEASE\ENEMY_GOAL.OBJ
C:\USERS\SHEPHARD\PROGRAMMING\BREAKNECK\BREAKNECK\RELEASE\ENEMY_PATROLLER.OBJ
C:\USERS\SHEPHARD\PROGRAMMING\BREAKNECK\BREAKNECK\RELEASE\ENEMYQUADTREE.OBJ
C:\USERS\SHEPHARD\PROGRAMMING\BREAKNECK\BREAKNECK\RELEASE\GAMESESSION.OBJ
C:\USERS\SHEPHARD\PROGRAMMING\BREAKNECK\BREAKNECK\RELEASE\GUI.OBJ
C:\USERS\SHEPHARD\PROGRAMMING\BREAKNECK\BREAKNECK\RELEASE\INPUT.OBJ
C:\USERS\SHEPHARD\PROGRAMMING\BREAKNECK\BREAKNECK\RELEASE\LIGHT.OBJ
C:\Users\Shephard\Programming\Breakneck\Breakneck\Release\link.command.1.tlog
C:\Users\Shephard\Programming\Breakneck\Breakneck\Release\link.read.1.tlog
C:\Users\Shephard\Programming\Breakneck\Breakneck\Release\link.write.1.tlog
C:\USERS\SHEPHARD\PROGRAMMING\BREAKNECK\BREAKNECK\RELEASE\MACINPUT.OBJ
C:\USERS\SHEPHARD\PROGRAMMING\BREAKNECK\BREAKNECK\RELEASE\MAIN.OBJ
C:\Users\Shephard\Programming\Breakneck\Breakneck\Release\mt.command.1.tlog
C:\Users\Shephard\Programming\Breakneck\Breakneck\Release\mt.read.1.tlog
C:\Users\Shephard\Programming\Breakneck\Breakneck\Release\mt.write.1.tlog
C:\USERS\SHEPHARD\PROGRAMMING\BREAKNECK\BREAKNECK\RELEASE\PHYSICS.OBJ
C:\USERS\SHEPHARD\PROGRAMMING\BREAKNECK\BREAKNECK\RELEASE\PLAYERCHAR.OBJ
C:\USERS\SHEPHARD\PROGRAMMING\BREAKNECK\BREAKNECK\RELEASE\QUADTREE.OBJ
C:\USERS\SHEPHARD\PROGRAMMING\BREAKNECK\BREAKNECK\RELEASE\SHAPES.OBJ
C:\USERS\SHEPHARD\PROGRAMMING\BREAKNECK\BREAKNECK\RELEASE\SURFACEMOVER.OBJ
C:\USERS\SHEPHARD\PROGRAMMING\BREAKNECK\BREAKNECK\RELEASE\SWEEP.OBJ
C:\USERS\SHEPHARD\PROGRAMMING\BREAKNECK\BREAKNECK\RELEASE\SWEEP_CONTEXT.OBJ
C:\USERS\SHEPHARD\PROGRAMMING\BREAKNECK\BREAKNECK\RELEASE\TILESET.OBJ
C:\USERS\SHEPHARD\PROGRAMMING\BREAKNECK\BREAKNECK\RELEASE\VC100.PDB
C:\USERS\SHEPHARD\PROGRAMMING\BREAKNECK\BREAKNECK\RELEASE\VECTORMATH.OBJ
C:\USERS\SHEPHARD\PROGRAMMING\BREAKNECK\BREAKNECK\RELEASE\WIRE.OBJ
C:\USERS\SHEPHARD\PROGRAMMING\BREAKNECK\RELEASE\BREAKNECK.EXE
C:\USERS\SHEPHARD\PROGRAMMING\BREAKNECK\RELEASE\BREAKNECK.PDB
