Build started 8/24/2015 11:24:00 AM.
     1>Project "C:\Users\Shephard\Programming\Breakneck\Breakneck\Breakneck.vcxproj" on node 2 (build target(s)).
     1>InitializeBuildStatus:
         Creating "Release\Breakneck.unsuccessfulbuild" because "AlwaysCreate" was specified.
       ClCompile:
         c:\Program Files (x86)\Microsoft Visual Studio 10.0\VC\bin\CL.exe /c /I"C:\Users\Shephard\Libraries\SFML-2.3\include" /Zi /nologo /W3 /WX- /O2 /Oi /Oy- /GL /D SFML_STATIC /D _MBCS /Gm- /EHsc /MD /GS /Gy /fp:precise /Zc:wchar_t /Zc:forScope /Fo"Release\\" /Fd"Release\vc100.pdb" /Gd /TP /analyze- /errorReport:prompt Actor.cpp
         Actor.cpp
     1>c:\users\shephard\programming\breakneck\breakneck\Actor.h(141): warning C4482: nonstandard extension used: enum 'Actor::Action' used in qualified name
     1>Actor.cpp(287): warning C4482: nonstandard extension used: enum 'CollisionBox::BoxType' used in qualified name
     1>Actor.cpp(298): warning C4482: nonstandard extension used: enum 'CollisionBox::BoxType' used in qualified name
     1>Actor.cpp(3192): warning C4244: 'argument' : conversion from 'double' to 'float', possible loss of data
     1>Actor.cpp(3192): warning C4244: 'argument' : conversion from 'double' to 'float', possible loss of data
     1>Actor.cpp(3194): warning C4244: 'argument' : conversion from 'double' to 'float', possible loss of data
     1>Actor.cpp(3194): warning C4244: 'argument' : conversion from 'double' to 'float', possible loss of data
     1>Actor.cpp(4822): warning C4244: 'argument' : conversion from 'double' to 'float', possible loss of data
     1>Actor.cpp(4822): warning C4244: 'argument' : conversion from 'double' to 'float', possible loss of data
     1>Actor.cpp(5136): warning C4244: 'argument' : conversion from 'double' to 'float', possible loss of data
     1>Actor.cpp(5136): warning C4244: 'argument' : conversion from 'double' to 'float', possible loss of data
     1>Actor.cpp(5138): warning C4244: 'argument' : conversion from 'double' to 'float', possible loss of data
     1>Actor.cpp(5138): warning C4244: 'argument' : conversion from 'double' to 'float', possible loss of data
     1>Actor.cpp(5139): warning C4244: 'argument' : conversion from 'double' to 'float', possible loss of data
     1>Actor.cpp(5209): warning C4244: 'argument' : conversion from 'double' to 'float', possible loss of data
     1>Actor.cpp(5213): warning C4244: 'argument' : conversion from 'double' to 'float', possible loss of data
     1>Actor.cpp(5213): warning C4244: 'argument' : conversion from 'double' to 'float', possible loss of data
     1>Actor.cpp(5215): warning C4244: 'argument' : conversion from 'double' to 'float', possible loss of data
     1>Actor.cpp(5215): warning C4244: 'argument' : conversion from 'double' to 'float', possible loss of data
     1>Actor.cpp(5279): warning C4244: 'argument' : conversion from 'double' to 'float', possible loss of data
     1>Actor.cpp(5282): warning C4244: 'argument' : conversion from 'double' to 'float', possible loss of data
     1>Actor.cpp(5282): warning C4244: 'argument' : conversion from 'double' to 'float', possible loss of data
     1>Actor.cpp(5284): warning C4244: 'argument' : conversion from 'double' to 'float', possible loss of data
     1>Actor.cpp(5284): warning C4244: 'argument' : conversion from 'double' to 'float', possible loss of data
     1>Actor.cpp(5346): warning C4244: 'argument' : conversion from 'double' to 'float', possible loss of data
     1>Actor.cpp(5346): warning C4244: 'argument' : conversion from 'double' to 'float', possible loss of data
     1>Actor.cpp(5382): warning C4244: 'argument' : conversion from 'double' to 'float', possible loss of data
     1>Actor.cpp(5385): warning C4244: 'argument' : conversion from 'double' to 'float', possible loss of data
     1>Actor.cpp(5385): warning C4244: 'argument' : conversion from 'double' to 'float', possible loss of data
     1>Actor.cpp(5387): warning C4244: 'argument' : conversion from 'double' to 'float', possible loss of data
     1>Actor.cpp(5387): warning C4244: 'argument' : conversion from 'double' to 'float', possible loss of data
     1>Actor.cpp(5431): warning C4244: 'argument' : conversion from 'double' to 'float', possible loss of data
     1>Actor.cpp(5434): warning C4244: 'argument' : conversion from 'double' to 'float', possible loss of data
     1>Actor.cpp(5434): warning C4244: 'argument' : conversion from 'double' to 'float', possible loss of data
     1>Actor.cpp(5436): warning C4244: 'argument' : conversion from 'double' to 'float', possible loss of data
     1>Actor.cpp(5436): warning C4244: 'argument' : conversion from 'double' to 'float', possible loss of data
     1>Actor.cpp(5453): warning C4244: 'argument' : conversion from 'double' to 'float', possible loss of data
     1>Actor.cpp(5453): warning C4244: 'argument' : conversion from 'double' to 'float', possible loss of data
     1>Actor.cpp(5470): warning C4244: 'argument' : conversion from 'double' to 'float', possible loss of data
     1>Actor.cpp(5470): warning C4244: 'argument' : conversion from 'double' to 'float', possible loss of data
     1>Actor.cpp(5500): warning C4244: 'argument' : conversion from 'double' to 'float', possible loss of data
     1>Actor.cpp(5503): warning C4244: 'argument' : conversion from 'double' to 'float', possible loss of data
     1>Actor.cpp(5503): warning C4244: 'argument' : conversion from 'double' to 'float', possible loss of data
     1>Actor.cpp(5505): warning C4244: 'argument' : conversion from 'double' to 'float', possible loss of data
     1>Actor.cpp(5505): warning C4244: 'argument' : conversion from 'double' to 'float', possible loss of data
     1>Actor.cpp(5557): warning C4244: 'argument' : conversion from 'double' to 'float', possible loss of data
     1>Actor.cpp(5560): warning C4244: 'argument' : conversion from 'double' to 'float', possible loss of data
     1>Actor.cpp(5560): warning C4244: 'argument' : conversion from 'double' to 'float', possible loss of data
     1>Actor.cpp(5562): warning C4244: 'argument' : conversion from 'double' to 'float', possible loss of data
     1>Actor.cpp(5562): warning C4244: 'argument' : conversion from 'double' to 'float', possible loss of data
     1>Actor.cpp(5600): warning C4244: 'argument' : conversion from 'double' to 'float', possible loss of data
     1>Actor.cpp(5603): warning C4244: 'argument' : conversion from 'double' to 'float', possible loss of data
     1>Actor.cpp(5603): warning C4244: 'argument' : conversion from 'double' to 'float', possible loss of data
     1>Actor.cpp(5605): warning C4244: 'argument' : conversion from 'double' to 'float', possible loss of data
     1>Actor.cpp(5605): warning C4244: 'argument' : conversion from 'double' to 'float', possible loss of data
     1>Actor.cpp(5643): warning C4244: 'argument' : conversion from 'double' to 'float', possible loss of data
     1>Actor.cpp(5643): warning C4244: 'argument' : conversion from 'double' to 'float', possible loss of data
     1>Actor.cpp(5647): warning C4244: 'argument' : conversion from 'double' to 'float', possible loss of data
     1>Actor.cpp(5647): warning C4244: 'argument' : conversion from 'double' to 'float', possible loss of data
     1>Actor.cpp(5694): warning C4244: 'argument' : conversion from 'double' to 'float', possible loss of data
     1>Actor.cpp(5694): warning C4244: 'argument' : conversion from 'double' to 'float', possible loss of data
     1>Actor.cpp(5698): warning C4244: 'argument' : conversion from 'double' to 'float', possible loss of data
     1>Actor.cpp(5698): warning C4244: 'argument' : conversion from 'double' to 'float', possible loss of data
     1>Actor.cpp(5735): warning C4244: 'argument' : conversion from 'double' to 'float', possible loss of data
     1>Actor.cpp(5735): warning C4244: 'argument' : conversion from 'double' to 'float', possible loss of data
     1>Actor.cpp(5739): warning C4244: 'argument' : conversion from 'double' to 'float', possible loss of data
     1>Actor.cpp(5739): warning C4244: 'argument' : conversion from 'double' to 'float', possible loss of data
     1>Actor.cpp(5762): warning C4244: 'argument' : conversion from 'double' to 'float', possible loss of data
     1>Actor.cpp(5762): warning C4244: 'argument' : conversion from 'double' to 'float', possible loss of data
     1>Actor.cpp(5806): warning C4244: 'argument' : conversion from 'double' to 'float', possible loss of data
     1>Actor.cpp(5809): warning C4244: 'argument' : conversion from 'double' to 'float', possible loss of data
     1>Actor.cpp(5809): warning C4244: 'argument' : conversion from 'double' to 'float', possible loss of data
     1>Actor.cpp(5811): warning C4244: 'argument' : conversion from 'double' to 'float', possible loss of data
     1>Actor.cpp(5811): warning C4244: 'argument' : conversion from 'double' to 'float', possible loss of data
     1>Actor.cpp(5845): warning C4244: 'initializing' : conversion from 'double' to 'int', possible loss of data
     1>Actor.cpp(5883): warning C4244: 'argument' : conversion from 'double' to 'float', possible loss of data
     1>Actor.cpp(5883): warning C4244: 'argument' : conversion from 'double' to 'float', possible loss of data
     1>Actor.cpp(5895): warning C4244: 'argument' : conversion from 'double' to 'float', possible loss of data
     1>Actor.cpp(5895): warning C4244: 'argument' : conversion from 'double' to 'float', possible loss of data
     1>Actor.cpp(5896): warning C4244: 'argument' : conversion from 'double' to 'float', possible loss of data
     1>Actor.cpp(5896): warning C4244: 'argument' : conversion from 'double' to 'float', possible loss of data
     1>Actor.cpp(5897): warning C4244: 'argument' : conversion from 'double' to 'float', possible loss of data
     1>Actor.cpp(5897): warning C4244: 'argument' : conversion from 'double' to 'float', possible loss of data
     1>Actor.cpp(5898): warning C4244: 'argument' : conversion from 'double' to 'float', possible loss of data
     1>Actor.cpp(5898): warning C4244: 'argument' : conversion from 'double' to 'float', possible loss of data
     1>Actor.cpp(5899): warning C4244: 'argument' : conversion from 'double' to 'float', possible loss of data
     1>Actor.cpp(5899): warning C4244: 'argument' : conversion from 'double' to 'float', possible loss of data
     1>Actor.cpp(5900): warning C4244: 'argument' : conversion from 'double' to 'float', possible loss of data
     1>Actor.cpp(5900): warning C4244: 'argument' : conversion from 'double' to 'float', possible loss of data
     1>Actor.cpp(5901): warning C4244: 'argument' : conversion from 'double' to 'float', possible loss of data
     1>Actor.cpp(5901): warning C4244: 'argument' : conversion from 'double' to 'float', possible loss of data
     1>Actor.cpp(5934): warning C4244: 'argument' : conversion from 'double' to 'float', possible loss of data
     1>Actor.cpp(5936): warning C4244: 'argument' : conversion from 'double' to 'float', possible loss of data
     1>Actor.cpp(5936): warning C4244: 'argument' : conversion from 'double' to 'float', possible loss of data
     1>Actor.cpp(5998): warning C4244: 'argument' : conversion from 'double' to 'float', possible loss of data
     1>Actor.cpp(5998): warning C4244: 'argument' : conversion from 'double' to 'float', possible loss of data
     1>Actor.cpp(6031): warning C4244: 'argument' : conversion from 'double' to 'float', possible loss of data
     1>Actor.cpp(6033): warning C4244: 'argument' : conversion from 'double' to 'float', possible loss of data
     1>Actor.cpp(6033): warning C4244: 'argument' : conversion from 'double' to 'float', possible loss of data
     1>Actor.cpp(6053): warning C4244: 'argument' : conversion from 'double' to 'float', possible loss of data
     1>Actor.cpp(6053): warning C4244: 'argument' : conversion from 'double' to 'float', possible loss of data
     1>Actor.cpp(6085): warning C4244: 'argument' : conversion from 'double' to 'float', possible loss of data
     1>Actor.cpp(6088): warning C4244: 'argument' : conversion from 'double' to 'float', possible loss of data
     1>Actor.cpp(6088): warning C4244: 'argument' : conversion from 'double' to 'float', possible loss of data
     1>Actor.cpp(6090): warning C4244: 'argument' : conversion from 'double' to 'float', possible loss of data
     1>Actor.cpp(6090): warning C4244: 'argument' : conversion from 'double' to 'float', possible loss of data
     1>Actor.cpp(6106): warning C4244: 'argument' : conversion from 'double' to 'float', possible loss of data
     1>Actor.cpp(6106): warning C4244: 'argument' : conversion from 'double' to 'float', possible loss of data
     1>Actor.cpp(6164): warning C4244: 'argument' : conversion from 'double' to 'float', possible loss of data
     1>Actor.cpp(6164): warning C4244: 'argument' : conversion from 'double' to 'float', possible loss of data
     1>Actor.cpp(6246): warning C4244: 'argument' : conversion from 'double' to 'float', possible loss of data
     1>Actor.cpp(6254): warning C4244: 'argument' : conversion from 'double' to 'float', possible loss of data
     1>Actor.cpp(6254): warning C4244: 'argument' : conversion from 'double' to 'float', possible loss of data
     1>Actor.cpp(6329): warning C4244: 'argument' : conversion from 'double' to 'float', possible loss of data
     1>Actor.cpp(6333): warning C4244: 'argument' : conversion from 'double' to 'float', possible loss of data
     1>Actor.cpp(6333): warning C4244: 'argument' : conversion from 'double' to 'float', possible loss of data
     1>Actor.cpp(6335): warning C4244: 'argument' : conversion from 'double' to 'float', possible loss of data
     1>Actor.cpp(6335): warning C4244: 'argument' : conversion from 'double' to 'float', possible loss of data
     1>Actor.cpp(6579): warning C4244: 'argument' : conversion from 'double' to 'float', possible loss of data
     1>Actor.cpp(6579): warning C4244: 'argument' : conversion from 'double' to 'float', possible loss of data
     1>Actor.cpp(6602): warning C4244: 'argument' : conversion from 'double' to 'float', possible loss of data
     1>Actor.cpp(6602): warning C4244: 'argument' : conversion from 'double' to 'float', possible loss of data
       Link:
         c:\Program Files (x86)\Microsoft Visual Studio 10.0\VC\bin\link.exe /ERRORREPORT:PROMPT /OUT:"C:\Users\Shephard\Programming\Breakneck\Release\Breakneck.exe" /NOLOGO /LIBPATH:"C:\Users\Shephard\Libraries\SFML-2.3\lib" "sfml-graphics-s.lib" "sfml-window-s.lib" "sfml-audio-s.lib" "sfml-system-s.lib" opengl32.lib freetype.lib jpeg.lib winmm.lib gdi32.lib flac.lib vorbisenc.lib vorbisfile.lib vorbis.lib ogg.lib kernel32.lib user32.lib gdi32.lib winspool.lib comdlg32.lib advapi32.lib shell32.lib ole32.lib oleaut32.lib uuid.lib odbc32.lib odbccp32.lib kernel32.lib user32.lib gdi32.lib winspool.lib comdlg32.lib advapi32.lib shell32.lib ole32.lib oleaut32.lib uuid.lib odbc32.lib odbccp32.lib /MANIFEST /ManifestFile:"Release\Breakneck.exe.intermediate.manifest" /MANIFESTUAC:"level='asInvoker' uiAccess='false'" /DEBUG /PDB:"C:\Users\Shephard\Programming\Breakneck\Release\Breakneck.pdb" /OPT:REF /OPT:ICF /LTCG /TLBID:1 /DYNAMICBASE /NXCOMPAT /IMPLIB:"C:\Users\Shephard\Programming\Breakneck\Release\Breakneck.lib" /MACHINE:X86 Release\Actor.obj
         Release\Camera.obj
         Release\EditSession.obj
         Release\Enemy.obj
         Release\EnemyQuadTree.obj
         Release\Enemy_BasicEffect.obj
         Release\Enemy_BasicTurret.obj
         Release\Enemy_Crawler.obj
         Release\Enemy_FootTrap.obj
         Release\Enemy_Goal.obj
         Release\Enemy_Patroller.obj
         Release\GameSession.obj
         Release\GUI.obj
         Release\Input.obj
         Release\MacInput.obj
         Release\main.obj
         Release\Physics.obj
         Release\PlayerChar.obj
         Release\shapes.obj
         Release\advancing_front.obj
         Release\cdt.obj
         Release\sweep.obj
         Release\sweep_context.obj
         Release\QuadTree.obj
         Release\SurfaceMover.obj
         Release\Tileset.obj
         Release\VectorMath.obj
         Release\Wire.obj
         Generating code
     1>c:\users\shephard\programming\breakneck\breakneck\poly2tri\common\shapes.cc(239): warning C4715: 'p2t::Triangle::PointCCW' : not all control paths return a value
     1>c:\users\shephard\programming\breakneck\breakneck\poly2tri\common\shapes.cc(226): warning C4715: 'p2t::Triangle::PointCW' : not all control paths return a value
     1>c:\users\shephard\programming\breakneck\breakneck\poly2tri\common\shapes.cc(167): warning C4715: 'p2t::Triangle::Index' : not all control paths return a value
     1>c:\users\shephard\programming\breakneck\breakneck\poly2tri\sweep\sweep.cc(772): warning C4715: 'p2t::Sweep::NextFlipPoint' : not all control paths return a value
     1>c:\users\shephard\programming\breakneck\breakneck\gamesession.cpp(700): warning C4715: 'GameSession::OpenFile' : not all control paths return a value
     1>c:\users\shephard\programming\breakneck\breakneck\editsession.cpp(712): warning C4715: 'EditSession::OpenFile' : not all control paths return a value
         Finished generating code
         Breakneck.vcxproj -> C:\Users\Shephard\Programming\Breakneck\Release\Breakneck.exe
       Manifest:
         C:\Program Files (x86)\Microsoft SDKs\Windows\v7.0A\bin\mt.exe /nologo /verbose /outputresource:"C:\Users\Shephard\Programming\Breakneck\Release\Breakneck.exe;#1" /manifest Release\Breakneck.exe.intermediate.manifest
       FinalizeBuildStatus:
         Deleting file "Release\Breakneck.unsuccessfulbuild".
         Touching "Release\Breakneck.lastbuildstate".
     1>Done Building Project "C:\Users\Shephard\Programming\Breakneck\Breakneck\Breakneck.vcxproj" (build target(s)).

Build succeeded.

Time Elapsed 00:00:07.64
